make[2]: Entering directory `/home/liao6/rose/freshmaster/buildtree/projects/autoParallelization/tests'
../autoPar --edg:no_warnings -w -rose:verbose 0 --edg:restrict -rose:autopar:unique_indirect_index  -I/home/liao6/rose/freshmaster/sourcetree/src/frontend/SageIII -c -annot /home/liao6/rose/freshmaster/sourcetree/projects/autoParallelization/tests/std_vector.annot /home/liao6/rose/freshmaster/sourcetree/projects/autoParallelization/tests/doall_vector.C
Assuming all arrays used as indirect indices have unique elements (no overlapping) ...
constant folding: unhandled expression type:SgMemberFunctionRefExp

Unparallelizable loop at line:6 due to the following dependencies:
1*1 IO_DEP; commonlevel = 1 CarryLevel = (0,0) SgExprStatement:v1[i] = v1[(i - 1)] + 1;@7:5->SgExprStatement:v1[i] = v1[(i - 1)] + 1;@7:5 * 0;||::
1*1 SCALAR_BACK_DEP; commonlevel = 1 CarryLevel = (0,0) SgVarRefExp:v1@7:13->SgVarRefExp:v1@7:5 <= -1;||::
1*1 SCALAR_DEP; commonlevel = 1 CarryLevel = (0,0) SgVarRefExp:v1@7:5->SgFunctionCallExp:v1[i]@0:0 * 0;||::
1*1 SCALAR_BACK_DEP; commonlevel = 1 CarryLevel = (0,0) SgFunctionCallExp:v1[i]@0:0->SgVarRefExp:v1@7:5 * 0;||::
1*1 SCALAR_DEP; commonlevel = 1 CarryLevel = (0,0) SgVarRefExp:v1@7:13->SgFunctionCallExp:v1[i]@0:0 * 0;||::
1*1 SCALAR_BACK_DEP; commonlevel = 1 CarryLevel = (0,0) SgFunctionCallExp:v1[i]@0:0->SgVarRefExp:v1@7:13 * 0;||::
1*1 SCALAR_DEP; commonlevel = 1 CarryLevel = (0,0) SgFunctionCallExp:v1[i]@0:0->SgFunctionCallExp:v1[i]@0:0 * 0;||::
1*1 SCALAR_BACK_DEP; commonlevel = 1 CarryLevel = (0,0) SgFunctionCallExp:v1[i]@0:0->SgFunctionCallExp:v1[i]@0:0 * 0;||::
1*1 SCALAR_BACK_DEP; commonlevel = 1 CarryLevel = (0,0) SgVarRefExp:v1@7:13->SgVarRefExp:v1@7:5 <= -1;||::
1*1 SCALAR_DEP; commonlevel = 1 CarryLevel = (0,0) SgVarRefExp:v1@7:5->SgFunctionCallExp:v1[i]@0:0 * 0;||::
1*1 SCALAR_BACK_DEP; commonlevel = 1 CarryLevel = (0,0) SgFunctionCallExp:v1[i]@0:0->SgVarRefExp:v1@7:5 * 0;||::
1*1 SCALAR_BACK_DEP; commonlevel = 1 CarryLevel = (0,0) SgVarRefExp:v1@7:5->SgVarRefExp:v1@7:13 <= -1;||::
1*1 SCALAR_DEP; commonlevel = 1 CarryLevel = (0,0) SgVarRefExp:v1@7:13->SgFunctionCallExp:v1[i]@0:0 * 0;||::
1*1 SCALAR_BACK_DEP; commonlevel = 1 CarryLevel = (0,0) SgFunctionCallExp:v1[i]@0:0->SgVarRefExp:v1@7:13 * 0;||::
1*1 SCALAR_DEP; commonlevel = 1 CarryLevel = (0,0) SgFunctionCallExp:v1[(i - 1)]@0:0->SgVarRefExp:v1@7:5 * 0;||::
1*1 SCALAR_BACK_DEP; commonlevel = 1 CarryLevel = (0,0) SgVarRefExp:v1@7:5->SgFunctionCallExp:v1[(i - 1)]@0:0 * 0;||::
1*1 SCALAR_DEP; commonlevel = 1 CarryLevel = (0,0) SgFunctionCallExp:v1[(i - 1)]@0:0->SgVarRefExp:v1@7:13 * 0;||::
1*1 SCALAR_BACK_DEP; commonlevel = 1 CarryLevel = (0,0) SgVarRefExp:v1@7:13->SgFunctionCallExp:v1[(i - 1)]@0:0 * 0;||::
1*1 SCALAR_DEP; commonlevel = 1 CarryLevel = (0,0) SgFunctionCallExp:v1[(i - 1)]@0:0->SgFunctionCallExp:v1[i]@0:0 * 0;||::
1*1 SCALAR_BACK_DEP; commonlevel = 1 CarryLevel = (0,0) SgFunctionCallExp:v1[i]@0:0->SgFunctionCallExp:v1[(i - 1)]@0:0 * 0;||::
make[2]: Leaving directory `/home/liao6/rose/freshmaster/buildtree/projects/autoParallelization/tests'
